# JRE version: OpenJDK Runtime Environment Microsoft-8035246 (17.0.8+7) (build 17.0.8+7-LTS)
# Java VM: OpenJDK 64-Bit Server VM Microsoft-8035246 (17.0.8+7-LTS, mixed mode, sharing, tiered, compressed oops, compressed class ptrs, g1 gc, windows-amd64)
GC Precious Log:
 CPUs: 2 total, 2 available
 Memory: 6020M
 Large Page Support: Disabled
 NUMA Support: Disabled
 Compressed Oops: Enabled (32-bit)
 Heap Region Size: 1M
 Heap Min Capacity: 8M
 Heap Initial Capacity: 96M
 Heap Max Capacity: 2G
 Pre-touch: Disabled
 Parallel Workers: 2
 Concurrent Workers: 1
 Concurrent Refinement Workers: 2
 Periodic GC: Disabled
Heap:
 garbage-first heap   total 245760K, used 159144K [0x0000000080000000, 0x0000000100000000)
  region size 1024K, 8 young (8192K), 7 survivors (7168K)
 Metaspace       used 103197K, committed 104128K, reserved 557056K
  class space    used 14306K, committed 14720K, reserved 425984K
GC Heap History (20 events):
Event: 270.523 GC heap before
{Heap before GC invocations=31 (full 0):
 garbage-first heap   total 204800K, used 161515K [0x0000000080000000, 0x0000000100000000)
  region size 1024K, 73 young (74752K), 5 survivors (5120K)
 Metaspace       used 85103K, committed 85824K, reserved 557056K
  class space    used 11748K, committed 12096K, reserved 425984K
}
Event: 270.541 GC heap after
{Heap after GC invocations=32 (full 0):
 garbage-first heap   total 204800K, used 95285K [0x0000000080000000, 0x0000000100000000)
  region size 1024K, 8 young (8192K), 8 survivors (8192K)
 Metaspace       used 85103K, committed 85824K, reserved 557056K
  class space    used 11748K, committed 12096K, reserved 425984K
}
Event: 272.808 GC heap before
{Heap before GC invocations=32 (full 0):
 garbage-first heap   total 204800K, used 163893K [0x0000000080000000, 0x0000000100000000)
  region size 1024K, 75 young (76800K), 8 survivors (8192K)
 Metaspace       used 89832K, committed 90560K, reserved 557056K
  class space    used 12577K, committed 12928K, reserved 425984K
}
Event: 272.828 GC heap after
{Heap after GC invocations=33 (full 0):
 garbage-first heap   total 204800K, used 97800K [0x0000000080000000, 0x0000000100000000)
  region size 1024K, 7 young (7168K), 7 survivors (7168K)
 Metaspace       used 89832K, committed 90560K, reserved 557056K
  class space    used 12577K, committed 12928K, reserved 425984K
}
Event: 275.538 GC heap before
{Heap before GC invocations=33 (full 0):
 garbage-first heap   total 204800K, used 169480K [0x0000000080000000, 0x0000000100000000)
  region size 1024K, 74 young (75776K), 7 survivors (7168K)
 Metaspace       used 93379K, committed 94272K, reserved 557056K
  class space    used 13029K, committed 13440K, reserved 425984K
}
Event: 275.569 GC heap after
{Heap after GC invocations=34 (full 0):
 garbage-first heap   total 204800K, used 115067K [0x0000000080000000, 0x0000000100000000)
  region size 1024K, 10 young (10240K), 10 survivors (10240K)
 Metaspace       used 93379K, committed 94272K, reserved 557056K
  class space    used 13029K, committed 13440K, reserved 425984K
}
Event: 277.330 GC heap before
{Heap before GC invocations=34 (full 0):
 garbage-first heap   total 204800K, used 166267K [0x0000000080000000, 0x0000000100000000)
  region size 1024K, 58 young (59392K), 10 survivors (10240K)
 Metaspace       used 93975K, committed 94848K, reserved 557056K
  class space    used 13095K, committed 13504K, reserved 425984K
}
Event: 277.364 GC heap after
{Heap after GC invocations=35 (full 0):
 garbage-first heap   total 204800K, used 127248K [0x0000000080000000, 0x0000000100000000)
  region size 1024K, 8 young (8192K), 8 survivors (8192K)
 Metaspace       used 93975K, committed 94848K, reserved 557056K
  class space    used 13095K, committed 13504K, reserved 425984K
}
Event: 278.640 GC heap before
{Heap before GC invocations=35 (full 0):
 garbage-first heap   total 204800K, used 165136K [0x0000000080000000, 0x0000000100000000)
  region size 1024K, 45 young (46080K), 8 survivors (8192K)
 Metaspace       used 94676K, committed 95552K, reserved 557056K
  class space    used 13177K, committed 13568K, reserved 425984K
}
Event: 278.674 GC heap after
{Heap after GC invocations=36 (full 0):
 garbage-first heap   total 204800K, used 136976K [0x0000000080000000, 0x0000000100000000)
  region size 1024K, 6 young (6144K), 6 survivors (6144K)
 Metaspace       used 94676K, committed 95552K, reserved 557056K
  class space    used 13177K, committed 13568K, reserved 425984K
}
Event: 279.559 GC heap before
{Heap before GC invocations=36 (full 0):
 garbage-first heap   total 204800K, used 166672K [0x0000000080000000, 0x0000000100000000)
  region size 1024K, 35 young (35840K), 6 survivors (6144K)
 Metaspace       used 96746K, committed 97664K, reserved 557056K
  class space    used 13468K, committed 13888K, reserved 425984K
}
Event: 279.574 GC heap after
{Heap after GC invocations=37 (full 0):
 garbage-first heap   total 204800K, used 139536K [0x0000000080000000, 0x0000000100000000)
  region size 1024K, 2 young (2048K), 2 survivors (2048K)
 Metaspace       used 96746K, committed 97664K, reserved 557056K
  class space    used 13468K, committed 13888K, reserved 425984K
}
Event: 280.590 GC heap before
{Heap before GC invocations=37 (full 0):
 garbage-first heap   total 204800K, used 169232K [0x0000000080000000, 0x0000000100000000)
  region size 1024K, 31 young (31744K), 2 survivors (2048K)
 Metaspace       used 99329K, committed 100224K, reserved 557056K
  class space    used 13855K, committed 14272K, reserved 425984K
}
Event: 280.600 GC heap after
{Heap after GC invocations=38 (full 0):
 garbage-first heap   total 245760K, used 140513K [0x0000000080000000, 0x0000000100000000)
  region size 1024K, 3 young (3072K), 3 survivors (3072K)
 Metaspace       used 99329K, committed 100224K, reserved 557056K
  class space    used 13855K, committed 14272K, reserved 425984K
}
Event: 282.694 GC heap before
{Heap before GC invocations=38 (full 0):
 garbage-first heap   total 245760K, used 199905K [0x0000000080000000, 0x0000000100000000)
  region size 1024K, 61 young (62464K), 3 survivors (3072K)
 Metaspace       used 101555K, committed 102528K, reserved 557056K
  class space    used 14130K, committed 14528K, reserved 425984K
}
Event: 282.725 GC heap after
{Heap after GC invocations=39 (full 0):
 garbage-first heap   total 245760K, used 146192K [0x0000000080000000, 0x0000000100000000)
  region size 1024K, 8 young (8192K), 8 survivors (8192K)
 Metaspace       used 101555K, committed 102528K, reserved 557056K
  class space    used 14130K, committed 14528K, reserved 425984K
}
Event: 284.513 GC heap before
{Heap before GC invocations=39 (full 0):
 garbage-first heap   total 245760K, used 201488K [0x0000000080000000, 0x0000000100000000)
  region size 1024K, 62 young (63488K), 8 survivors (8192K)
 Metaspace       used 102305K, committed 103296K, reserved 557056K
  class space    used 14201K, committed 14656K, reserved 425984K
}
Event: 284.548 GC heap after
{Heap after GC invocations=40 (full 0):
 garbage-first heap   total 245760K, used 152848K [0x0000000080000000, 0x0000000100000000)
  region size 1024K, 7 young (7168K), 7 survivors (7168K)
 Metaspace       used 102305K, committed 103296K, reserved 557056K
  class space    used 14201K, committed 14656K, reserved 425984K
}
Event: 287.422 GC heap before
{Heap before GC invocations=40 (full 0):
 garbage-first heap   total 245760K, used 202000K [0x0000000080000000, 0x0000000100000000)
  region size 1024K, 56 young (57344K), 7 survivors (7168K)
 Metaspace       used 103124K, committed 104064K, reserved 557056K
  class space    used 14301K, committed 14720K, reserved 425984K
}
Event: 287.443 GC heap after
{Heap after GC invocations=41 (full 0):
 garbage-first heap   total 245760K, used 155408K [0x0000000080000000, 0x0000000100000000)
  region size 1024K, 3 young (3072K), 3 survivors (3072K)
 Metaspace       used 103124K, committed 104064K, reserved 557056K
  class space    used 14301K, committed 14720K, reserved 425984K
}

